[    0.000000] Linux version 4.15.0-74-generic (buildd@lcy01-amd64-022) (gcc version 7.4.0 (Ubuntu 7.4.0-1ubuntu1~18.04.1)) #84-Ubuntu SMP Thu Dec 19 08:06:28 UTC 2019 (Ubuntu 4.15.0-74.84-generic 4.15.18)
[    0.000000] Command line: BOOT_IMAGE=/boot/vmlinuz-4.15.0-74-generic root=LABEL=cloudimg-rootfs ro console=tty1 console=ttyS0
[    0.000000] KERNEL supported cpus:
[    0.000000]   Intel GenuineIntel
[    0.000000]   AMD AuthenticAMD
[    0.000000]   Centaur CentaurHauls
[    0.000000] x86/fpu: Supporting XSAVE feature 0x001: 'x87 floating point registers'
[    0.000000] x86/fpu: Supporting XSAVE feature 0x002: 'SSE registers'
[    0.000000] x86/fpu: Supporting XSAVE feature 0x004: 'AVX registers'
[    0.000000] x86/fpu: xstate_offset[2]:  576, xstate_sizes[2]:  256
[    0.000000] x86/fpu: Enabled xstate features 0x7, context size is 832 bytes, using 'standard' format.
[    0.000000] e820: BIOS-provided physical RAM map:
[    0.000000] BIOS-e820: [mem 0x0000000000000000-0x000000000009fbff] usable
[    0.000000] BIOS-e820: [mem 0x000000000009fc00-0x000000000009ffff] reserved
[    0.000000] BIOS-e820: [mem 0x00000000000f0000-0x00000000000fffff] reserved
[    0.000000] BIOS-e820: [mem 0x0000000000100000-0x000000003ffeffff] usable
[    0.000000] BIOS-e820: [mem 0x000000003fff0000-0x000000003fffffff] ACPI data
[    0.000000] BIOS-e820: [mem 0x00000000fec00000-0x00000000fec00fff] reserved
[    0.000000] BIOS-e820: [mem 0x00000000fee00000-0x00000000fee00fff] reserved
[    0.000000] BIOS-e820: [mem 0x00000000fffc0000-0x00000000ffffffff] reserved
[    0.000000] NX (Execute Disable) protection: active
[    0.000000] SMBIOS 2.5 present.
[    0.000000] DMI: innotek GmbH VirtualBox/VirtualBox, BIOS VirtualBox 12/01/2006
[    0.000000] Hypervisor detected: KVM
[    0.000000] e820: last_pfn = 0x3fff0 max_arch_pfn = 0x400000000
[    0.000000] MTRR: Disabled
[    0.000000] x86/PAT: MTRRs disabled, skipping PAT initialization too.
[    0.000000] CPU MTRRs all blank - virtualized system.
[    0.000000] x86/PAT: Configuration [0-7]: WB  WT  UC- UC  WB  WT  UC- UC  
[    0.000000] found SMP MP-table at [mem 0x0009fff0-0x0009ffff]
[    0.000000] Scanning 1 areas for low memory corruption
[    0.000000] RAMDISK: [mem 0x35a6b000-0x36d2cfff]
[    0.000000] ACPI: Early table checksum verification disabled
[    0.000000] ACPI: RSDP 0x00000000000E0000 000024 (v02 VBOX  )
[    0.000000] ACPI: XSDT 0x000000003FFF0030 00003C (v01 VBOX   VBOXXSDT 00000001 ASL  00000061)
[    0.000000] ACPI: FACP 0x000000003FFF00F0 0000F4 (v04 VBOX   VBOXFACP 00000001 ASL  00000061)
[    0.000000] ACPI: DSDT 0x000000003FFF0470 0022EA (v02 VBOX   VBOXBIOS 00000002 INTL 20100528)
[    0.000000] ACPI: FACS 0x000000003FFF0200 000040
[    0.000000] ACPI: FACS 0x000000003FFF0200 000040
[    0.000000] ACPI: APIC 0x000000003FFF0240 00005C (v02 VBOX   VBOXAPIC 00000001 ASL  00000061)
[    0.000000] ACPI: SSDT 0x000000003FFF02A0 0001CC (v01 VBOX   VBOXCPUT 00000002 INTL 20100528)
[    0.000000] No NUMA configuration found
[    0.000000] Faking a node at [mem 0x0000000000000000-0x000000003ffeffff]
[    0.000000] NODE_DATA(0) allocated [mem 0x3ffc5000-0x3ffeffff]
[    0.000000] kvm-clock: cpu 0, msr 0:3ff44001, primary cpu clock
[    0.000000] kvm-clock: Using msrs 4b564d01 and 4b564d00
[    0.000000] kvm-clock: using sched offset of 3747738372 cycles
[    0.000000] clocksource: kvm-clock: mask: 0xffffffffffffffff max_cycles: 0x1cd42e4dffb, max_idle_ns: 881590591483 ns
[    0.000000] Zone ranges:
[    0.000000]   DMA      [mem 0x0000000000001000-0x0000000000ffffff]
[    0.000000]   DMA32    [mem 0x0000000001000000-0x000000003ffeffff]
[    0.000000]   Normal   empty
[    0.000000]   Device   empty
[    0.000000] Movable zone start for each node
[    0.000000] Early memory node ranges
[    0.000000]   node   0: [mem 0x0000000000001000-0x000000000009efff]
[    0.000000]   node   0: [mem 0x0000000000100000-0x000000003ffeffff]
[    0.000000] Reserved but unavailable: 98 pages
[    0.000000] Initmem setup node 0 [mem 0x0000000000001000-0x000000003ffeffff]
[    0.000000] ACPI: PM-Timer IO Port: 0x4008
[    0.000000] IOAPIC[0]: apic_id 2, version 32, address 0xfec00000, GSI 0-23
[    0.000000] ACPI: INT_SRC_OVR (bus 0 bus_irq 0 global_irq 2 dfl dfl)
[    0.000000] ACPI: INT_SRC_OVR (bus 0 bus_irq 9 global_irq 9 low level)
[    0.000000] Using ACPI (MADT) for SMP configuration information
[    0.000000] smpboot: Allowing 2 CPUs, 0 hotplug CPUs
[    0.000000] PM: Registered nosave memory: [mem 0x00000000-0x00000fff]
[    0.000000] PM: Registered nosave memory: [mem 0x0009f000-0x0009ffff]
[    0.000000] PM: Registered nosave memory: [mem 0x000a0000-0x000effff]
[    0.000000] PM: Registered nosave memory: [mem 0x000f0000-0x000fffff]
[    0.000000] e820: [mem 0x40000000-0xfebfffff] available for PCI devices
[    0.000000] Booting paravirtualized kernel on KVM
[    0.000000] clocksource: refined-jiffies: mask: 0xffffffff max_cycles: 0xffffffff, max_idle_ns: 7645519600211568 ns
[    0.000000] random: get_random_bytes called from start_kernel+0x99/0x4fd with crng_init=0
[    0.000000] setup_percpu: NR_CPUS:8192 nr_cpumask_bits:2 nr_cpu_ids:2 nr_node_ids:1
[    0.000000] percpu: Embedded 45 pages/cpu s147456 r8192 d28672 u1048576
[    0.000000] PV qspinlock hash table entries: 256 (order: 0, 4096 bytes)
[    0.000000] Built 1 zonelists, mobility grouping on.  Total pages: 257913
[    0.000000] Policy zone: DMA32
[    0.000000] Kernel command line: BOOT_IMAGE=/boot/vmlinuz-4.15.0-74-generic root=LABEL=cloudimg-rootfs ro console=tty1 console=ttyS0
[    0.000000] Memory: 983072K/1048120K available (12300K kernel code, 2481K rwdata, 4260K rodata, 2428K init, 2704K bss, 65048K reserved, 0K cma-reserved)
[    0.000000] SLUB: HWalign=64, Order=0-3, MinObjects=0, CPUs=2, Nodes=1
[    0.000000] Kernel/User page tables isolation: enabled
[    0.000000] ftrace: allocating 39322 entries in 154 pages
[    0.004000] Hierarchical RCU implementation.
[    0.004000] 	RCU restricting CPUs from NR_CPUS=8192 to nr_cpu_ids=2.
[    0.004000] 	Tasks RCU enabled.
[    0.004000] RCU: Adjusting geometry for rcu_fanout_leaf=16, nr_cpu_ids=2
[    0.004000] NR_IRQS: 524544, nr_irqs: 440, preallocated irqs: 16
[    0.004000] Console: colour VGA+ 80x25
[    0.004000] console [tty1] enabled
[    0.004000] console [ttyS0] enabled
[    0.004000] ACPI: Core revision 20170831
[    0.004000] ACPI: 2 ACPI AML tables successfully acquired and loaded
[    0.004000] APIC: Switch to symmetric I/O mode setup
[    0.004000] x2apic enabled
[    0.004000] Switched APIC routing to physical x2apic.
[    0.005729] ..TIMER: vector=0x30 apic1=0 pin1=2 apic2=-1 pin2=-1
[    0.008002] tsc: Detected 2807.998 MHz processor
[    0.012009] Calibrating delay loop (skipped) preset value.. 5615.99 BogoMIPS (lpj=11231992)
[    0.014251] pid_max: default: 32768 minimum: 301
[    0.016040] Security Framework initialized
[    0.017200] Yama: becoming mindful.
[    0.018233] AppArmor: AppArmor initialized
[    0.021117] Dentry cache hash table entries: 131072 (order: 8, 1048576 bytes)
[    0.023051] Inode-cache hash table entries: 65536 (order: 7, 524288 bytes)
[    0.024012] Mount-cache hash table entries: 2048 (order: 2, 16384 bytes)
[    0.025784] Mountpoint-cache hash table entries: 2048 (order: 2, 16384 bytes)
[    0.028306] Last level iTLB entries: 4KB 64, 2MB 8, 4MB 8
[    0.029794] Last level dTLB entries: 4KB 64, 2MB 0, 4MB 0, 1GB 4
[    0.032002] Spectre V1 : Mitigation: usercopy/swapgs barriers and __user pointer sanitization
[    0.034513] Spectre V2 : Mitigation: Full generic retpoline
[    0.036004] Spectre V2 : Spectre v2 / SpectreRSB mitigation: Filling RSB on context switch
[    0.038252] Speculative Store Bypass: Vulnerable
[    0.040037] MDS: Vulnerable: Clear CPU buffers attempted, no microcode
[    0.041993] Freeing SMP alternatives memory: 36K
[    0.153609] smpboot: CPU0: Intel(R) Core(TM) i7-7700HQ CPU @ 2.80GHz (family: 0x6, model: 0x9e, stepping: 0x9)
[    0.156000] Performance Events: unsupported p6 CPU model 158 no PMU driver, software events only.
[    0.156045] Hierarchical SRCU implementation.
[    0.157840] NMI watchdog: Perf event create on CPU 0 failed with -2
[    0.160002] NMI watchdog: Perf NMI watchdog permanently disabled
[    0.161614] smp: Bringing up secondary CPUs ...
[    0.162975] x86: Booting SMP configuration:
[    0.164002] .... node  #0, CPUs:      #1
[    0.004000] kvm-clock: cpu 1, msr 0:3ff44041, secondary cpu clock
[    0.168018] smp: Brought up 1 node, 2 CPUs
[    0.169134] smpboot: Max logical packages: 1
[    0.170281] smpboot: Total of 2 processors activated (11231.99 BogoMIPS)
[    0.172116] devtmpfs: initialized
[    0.173003] x86/mm: Memory block size: 128MB
[    0.176180] evm: security.selinux
[    0.177194] evm: security.SMACK64
[    0.178142] evm: security.SMACK64EXEC
[    0.179153] evm: security.SMACK64TRANSMUTE
[    0.180002] evm: security.SMACK64MMAP
[    0.181119] evm: security.apparmor
[    0.182073] evm: security.ima
[    0.182925] evm: security.capability
[    0.184102] clocksource: jiffies: mask: 0xffffffff max_cycles: 0xffffffff, max_idle_ns: 7645041785100000 ns
[    0.186528] futex hash table entries: 512 (order: 3, 32768 bytes)
[    0.189068] pinctrl core: initialized pinctrl subsystem
[    0.190584] RTC time: 18:11:07, date: 01/27/20
[    0.192139] NET: Registered protocol family 16
[    0.193505] audit: initializing netlink subsys (disabled)
[    0.196005] audit: type=2000 audit(1580148671.842:1): state=initialized audit_enabled=0 res=1
[    0.196137] cpuidle: using governor ladder
[    0.197157] cpuidle: using governor menu
[    0.200044] ACPI: bus type PCI registered
[    0.201267] acpiphp: ACPI Hot Plug PCI Controller Driver version: 0.5
[    0.204022] PCI: Using configuration type 1 for base access
[    0.208020] HugeTLB registered 2.00 MiB page size, pre-allocated 0 pages
[    0.210018] ACPI: Added _OSI(Module Device)
[    0.210018] ACPI: Added _OSI(Processor Device)
[    0.212003] ACPI: Added _OSI(3.0 _SCP Extensions)
[    0.213334] ACPI: Added _OSI(Processor Aggregator Device)
[    0.214802] ACPI: Added _OSI(Linux-Dell-Video)
[    0.216002] ACPI: Added _OSI(Linux-Lenovo-NV-HDMI-Audio)
[    0.217453] ACPI: Added _OSI(Linux-HPI-Hybrid-Graphics)
[    0.220367] ACPI: Executed 1 blocks of module-level executable AML code
[    0.226826] ACPI: Interpreter enabled
[    0.227857] ACPI: (supports S0 S5)
[    0.228002] ACPI: Using IOAPIC for interrupt routing
[    0.229779] PCI: Using host bridge windows from ACPI; if necessary, use "pci=nocrs" and report a bug
[    0.232226] ACPI: Enabled 2 GPEs in block 00 to 07
[    0.242728] ACPI: PCI Root Bridge [PCI0] (domain 0000 [bus 00-ff])
[    0.244007] acpi PNP0A03:00: _OSC: OS supports [ASPM ClockPM Segments MSI]
[    0.246508] acpi PNP0A03:00: _OSC: not requesting OS control; OS requires [ExtendedConfig ASPM ClockPM MSI]
[    0.248012] acpi PNP0A03:00: fail to add MMCONFIG information, can't access extended PCI configuration space under this bridge.
[    0.252457] PCI host bridge to bus 0000:00
[    0.253620] pci_bus 0000:00: root bus resource [io  0x0000-0x0cf7 window]
[    0.256003] pci_bus 0000:00: root bus resource [io  0x0d00-0xffff window]
[    0.257783] pci_bus 0000:00: root bus resource [mem 0x000a0000-0x000bffff window]
[    0.260003] pci_bus 0000:00: root bus resource [mem 0x40000000-0xfdffffff window]
[    0.262052] pci_bus 0000:00: root bus resource [bus 00-ff]
[    0.266199] pci 0000:00:01.1: legacy IDE quirk: reg 0x10: [io  0x01f0-0x01f7]
[    0.268000] pci 0000:00:01.1: legacy IDE quirk: reg 0x14: [io  0x03f6]
[    0.268003] pci 0000:00:01.1: legacy IDE quirk: reg 0x18: [io  0x0170-0x0177]
[    0.272002] pci 0000:00:01.1: legacy IDE quirk: reg 0x1c: [io  0x0376]
[    0.290130] pci 0000:00:07.0: quirk: [io  0x4000-0x403f] claimed by PIIX4 ACPI
[    0.292000] pci 0000:00:07.0: quirk: [io  0x4100-0x410f] claimed by PIIX4 SMB
[    0.300125] ACPI: PCI Interrupt Link [LNKA] (IRQs 5 9 10 *11)
[    0.302084] ACPI: PCI Interrupt Link [LNKB] (IRQs 5 9 *10 11)
[    0.304106] ACPI: PCI Interrupt Link [LNKC] (IRQs 5 *9 10 11)
[    0.305721] ACPI: PCI Interrupt Link [LNKD] (IRQs 5 9 10 *11)
[    0.307541] SCSI subsystem initialized
[    0.308037] pci 0000:00:02.0: vgaarb: setting as boot VGA device
[    0.309602] pci 0000:00:02.0: vgaarb: VGA device added: decodes=io+mem,owns=io+mem,locks=none
[    0.312012] pci 0000:00:02.0: vgaarb: bridge control possible
[    0.313536] vgaarb: loaded
[    0.314350] ACPI: bus type USB registered
[    0.316018] usbcore: registered new interface driver usbfs
[    0.317420] usbcore: registered new interface driver hub
[    0.318793] usbcore: registered new device driver usb
[    0.320023] EDAC MC: Ver: 3.0.0
[    0.321203] PCI: Using ACPI for IRQ routing
[    0.321458] NetLabel: Initializing
[    0.322409] NetLabel:  domain hash size = 128
[    0.324002] NetLabel:  protocols = UNLABELED CIPSOv4 CALIPSO
[    0.325587] NetLabel:  unlabeled traffic allowed by default
[    0.328076] clocksource: Switched to clocksource kvm-clock
[    0.343063] VFS: Disk quotas dquot_6.6.0
[    0.344223] VFS: Dquot-cache hash table entries: 512 (order 0, 4096 bytes)
[    0.346076] AppArmor: AppArmor Filesystem Enabled
[    0.347411] pnp: PnP ACPI init
[    0.349672] pnp: PnP ACPI: found 3 devices
[    0.361603] clocksource: acpi_pm: mask: 0xffffff max_cycles: 0xffffff, max_idle_ns: 2085701024 ns
[    0.363931] NET: Registered protocol family 2
[    0.365300] TCP established hash table entries: 8192 (order: 4, 65536 bytes)
[    0.367200] TCP bind hash table entries: 8192 (order: 5, 131072 bytes)
[    0.370283] TCP: Hash tables configured (established 8192 bind 8192)
[    0.371981] UDP hash table entries: 512 (order: 2, 16384 bytes)
[    0.373617] UDP-Lite hash table entries: 512 (order: 2, 16384 bytes)
[    0.375256] NET: Registered protocol family 1
[    0.376526] pci 0000:00:00.0: Limiting direct PCI/PCI transfers
[    0.378081] pci 0000:00:01.0: Activating ISA DMA hang workarounds
[    0.379705] pci 0000:00:02.0: Video device with shadowed ROM at [mem 0x000c0000-0x000dffff]
[    0.382042] Unpacking initramfs...
[    0.686055] Freeing initrd memory: 19208K
[    0.687295] clocksource: tsc: mask: 0xffffffffffffffff max_cycles: 0x2879c456dd4, max_idle_ns: 440795285767 ns
[    0.690090] platform rtc_cmos: registered platform RTC device (no PNP device found)
[    0.692147] Scanning for low memory corruption every 60 seconds
[    0.694701] Initialise system trusted keyrings
[    0.695934] Key type blacklist registered
[    0.697317] workingset: timestamp_bits=36 max_order=18 bucket_order=0
[    0.700206] zbud: loaded
[    0.701762] squashfs: version 4.0 (2009/01/31) Phillip Lougher
[    0.703651] fuse init (API version 7.26)
[    0.710259] Key type asymmetric registered
[    0.711389] Asymmetric key parser 'x509' registered
[    0.712824] Block layer SCSI generic (bsg) driver version 0.4 loaded (major 246)
[    0.714967] io scheduler noop registered
[    0.716180] io scheduler deadline registered
[    0.717484] io scheduler cfq registered (default)
[    0.719103] ACPI: AC Adapter [AC] (on-line)
[    0.720401] input: Power Button as /devices/LNXSYSTM:00/LNXPWRBN:00/input/input0
[    0.722544] ACPI: Power Button [PWRF]
[    0.723655] input: Sleep Button as /devices/LNXSYSTM:00/LNXSLPBN:00/input/input1
[    0.725861] ACPI: Sleep Button [SLPF]
[    0.728201] Serial: 8250/16550 driver, 32 ports, IRQ sharing enabled
[    0.728285] ACPI: Battery Slot [BAT0] (battery present)
[    0.751645] 00:02: ttyS0 at I/O 0x3f8 (irq = 4, base_baud = 115200) is a 16550A
[    0.756517] Linux agpgart interface v0.103
[    0.758971] loop: module loaded
[    0.760743] scsi host0: ata_piix
[    0.761993] scsi host1: ata_piix
[    0.762973] ata1: PATA max UDMA/33 cmd 0x1f0 ctl 0x3f6 bmdma 0xd000 irq 14
[    0.764858] ata2: PATA max UDMA/33 cmd 0x170 ctl 0x376 bmdma 0xd008 irq 15
[    0.766653] libphy: Fixed MDIO Bus: probed
[    0.767812] tun: Universal TUN/TAP device driver, 1.6
[    0.769352] PPP generic driver version 2.4.2
[    0.770605] ehci_hcd: USB 2.0 'Enhanced' Host Controller (EHCI) Driver
[    0.772300] ehci-pci: EHCI PCI platform driver
[    0.773699] ehci-platform: EHCI generic platform driver
[    0.775088] ohci_hcd: USB 1.1 'Open' Host Controller (OHCI) Driver
[    0.776756] ohci-pci: OHCI PCI platform driver
[    0.777978] ohci-platform: OHCI generic platform driver
[    0.779417] uhci_hcd: USB Universal Host Controller Interface driver
[    0.781207] i8042: PNP: PS/2 Controller [PNP0303:PS2K,PNP0f03:PS2M] at 0x60,0x64 irq 1,12
[    0.784145] serio: i8042 KBD port at 0x60,0x64 irq 1
[    0.785583] serio: i8042 AUX port at 0x60,0x64 irq 12
[    0.787065] mousedev: PS/2 mouse device common for all mice
[    0.788865] input: AT Translated Set 2 keyboard as /devices/platform/i8042/serio0/input/input2
[    0.791561] rtc_cmos rtc_cmos: rtc core: registered rtc_cmos as rtc0
[    0.793364] rtc_cmos rtc_cmos: alarms up to one day, 114 bytes nvram
[    0.795061] i2c /dev entries driver
[    0.796081] device-mapper: uevent: version 1.0.3
[    0.797541] device-mapper: ioctl: 4.37.0-ioctl (2017-09-20) initialised: dm-devel@redhat.com
[    0.800139] ledtrig-cpu: registered to indicate activity on CPUs
[    0.802444] NET: Registered protocol family 10
[    0.808888] Segment Routing with IPv6
[    0.809961] NET: Registered protocol family 17
[    0.811290] Key type dns_resolver registered
[    0.812743] mce: Using 0 MCE banks
[    0.813882] RAS: Correctable Errors collector initialized.
[    0.815322] sched_clock: Marking stable (812678464, 0)->(1085119577, -272441113)
[    0.817730] registered taskstats version 1
[    0.818917] Loading compiled-in X.509 certificates
[    0.823235] Loaded X.509 cert 'Build time autogenerated kernel key: 62d24f9c726e026b112735485dad6e6e4b50c923'
[    0.825978] zswap: loaded using pool lzo/zbud
[    0.831388] Key type big_key registered
[    0.832545] Key type trusted registered
[    0.835988] Key type encrypted registered
[    0.837144] AppArmor: AppArmor sha1 policy hashing enabled
[    0.838559] ima: No TPM chip found, activating TPM-bypass! (rc=-19)
[    0.840162] ima: Allocated hash algorithm: sha1
[    0.841370] evm: HMAC attrs: 0x1
[    0.842518]   Magic number: 4:524:191
[    0.843730] rtc_cmos rtc_cmos: setting system clock to 2020-01-27 18:11:07 UTC (1580148667)
[    0.846297] BIOS EDD facility v0.16 2004-Jun-25, 0 devices found
[    0.847843] EDD information not available.
[    0.933889] Freeing unused kernel image memory: 2428K
[    0.948115] Write protecting the kernel read-only data: 20480k
[    0.950476] Freeing unused kernel image memory: 2008K
[    0.952740] Freeing unused kernel image memory: 1884K
[    0.964150] x86/mm: Checked W+X mappings: passed, no W+X pages found.
[    0.965800] x86/mm: Checking user space page tables
[    0.977133] x86/mm: Checked W+X mappings: passed, no W+X pages found.
Loading, please wait...
starting version 237
[    1.050766] Fusion MPT base driver 3.04.20
[    1.051895] Copyright (c) 1999-2008 LSI Corporation
[    1.059380] e1000: Intel(R) PRO/1000 Network Driver - version 7.3.21-k8-NAPI
[    1.061227] e1000: Copyright (c) 1999-2006 Intel Corporation.
[    1.062909] Fusion MPT SPI Host driver 3.04.20
[    1.079489] mptbase: ioc0: Initiating bringup
[    1.080887] AVX2 version of gcm_enc/dec engaged.
[    1.082189] AES CTR mode by8 optimization enabled
[    1.184616] ioc0: LSI53C1030 A0: Capabilities={Initiator}
[    1.287426] input: ImExPS/2 Generic Explorer Mouse as /devices/platform/i8042/serio1/input/input4
[    1.743079] scsi host2: ioc0: LSI53C1030 A0, FwRev=00000000h, Ports=1, MaxQ=256, IRQ=20
[    2.040447] scsi 2:0:0:0: Direct-Access     VBOX     HARDDISK         1.0  PQ: 0 ANSI: 5
[    2.088134] scsi target2:0:0: Beginning Domain Validation
[    2.093073] scsi target2:0:0: Domain Validation skipping write tests
[    2.094752] scsi target2:0:0: Ending Domain Validation
[    2.096350] scsi target2:0:0: asynchronous
[    2.098554] scsi 2:0:1:0: Direct-Access     VBOX     HARDDISK         1.0  PQ: 0 ANSI: 5
[    2.424154] scsi target2:0:1: Beginning Domain Validation
[    2.427834] random: fast init done
[    2.429969] scsi target2:0:1: Domain Validation skipping write tests
[    2.431554] scsi target2:0:1: Ending Domain Validation
[    2.433100] scsi target2:0:1: asynchronous
[    2.441200] random: systemd-udevd: uninitialized urandom read (16 bytes read)
[    2.441221] sd 2:0:0:0: Attached scsi generic sg0 type 0
[    2.443084] random: systemd-udevd: uninitialized urandom read (16 bytes read)
[    2.446523] random: systemd-udevd: uninitialized urandom read (16 bytes read)
[    2.447182] sd 2:0:1:0: [sdb] 20480 512-byte logical blocks: (10.5 MB/10.0 MiB)
[    2.450658] sd 2:0:1:0: Attached scsi generic sg1 type 0
[    2.452305] sd 2:0:1:0: [sdb] Write Protect is off
[    2.453314] sd 2:0:0:0: [sda] 20971520 512-byte logical blocks: (10.7 GB/10.0 GiB)
[    2.455717] sd 2:0:0:0: [sda] Write Protect is off
[    2.455828] sd 2:0:1:0: [sdb] Incomplete mode parameter data
[    2.458854] sd 2:0:1:0: [sdb] Assuming drive cache: write through
[    2.465213] sd 2:0:0:0: [sda] Incomplete mode parameter data
[    2.466680] sd 2:0:0:0: [sda] Assuming drive cache: write through
[    2.470753]  sda: sda1
[    2.471275] e1000 0000:00:03.0 eth0: (PCI:33MHz:32-bit) 02:6f:f9:1e:39:dc
[    2.473476] e1000 0000:00:03.0 eth0: Intel(R) PRO/1000 Network Connection
[    2.476489] sd 2:0:0:0: [sda] Attached SCSI disk
[    2.476825] e1000 0000:00:03.0 enp0s3: renamed from eth0
[    2.479563] sd 2:0:1:0: [sdb] Attached SCSI disk
Begin: Loading essential drivers ... [    4.176724] raid6: sse2x1   gen()  9615 MB/s
[    4.224556] raid6: sse2x1   xor()  6944 MB/s
[    4.272368] raid6: sse2x2   gen() 11757 MB/s
[    4.320191] raid6: sse2x2   xor()  7870 MB/s
[    4.368025] raid6: sse2x4   gen() 13573 MB/s
[    4.416867] raid6: sse2x4   xor()  8533 MB/s
[    4.464641] raid6: avx2x1   gen() 19227 MB/s
[    4.512475] raid6: avx2x1   xor() 13453 MB/s
[    4.560288] raid6: avx2x2   gen() 23431 MB/s
[    4.608193] raid6: avx2x2   xor() 14465 MB/s
[    4.656015] raid6: avx2x4   gen() 26451 MB/s
[    4.704735] raid6: avx2x4   xor() 16865 MB/s
[    4.705924] raid6: using algorithm avx2x4 gen() 26451 MB/s
[    4.707374] raid6: .... xor() 16865 MB/s, rmw enabled
[    4.708817] raid6: using avx2x2 recovery algorithm
[    4.711469] xor: automatically using best checksumming function   avx       
[    4.714682] async_tx: api initialized (async)
done.
Begin: Running /scripts/init-premount ... done.
Begin: Mounting root file system ... Begin: Running /scripts/local-top ... done.
Begin: Running /scripts/local-premount ... [    4.765393] Btrfs loaded, crc32c=crc32c-intel
Scanning for Btrfs filesystems
done.
Warning: fsck not present, so skipping root file system
[    4.803214] EXT4-fs (sda1): mounted filesystem with ordered data mode. Opts: (null)
done.
Begin: Running /scripts/local-bottom ... done.
Begin: Running /scripts/init-bottom ... done.
[    4.976634] ip_tables: (C) 2000-2006 Netfilter Core Team
[    4.988053] systemd[1]: systemd 237 running in system mode. (+PAM +AUDIT +SELINUX +IMA +APPARMOR +SMACK +SYSVINIT +UTMP +LIBCRYPTSETUP +GCRYPT +GNUTLS +ACL +XZ +LZ4 +SECCOMP +BLKID +ELFUTILS +KMOD -IDN2 +IDN -PCRE2 default-hierarchy=hybrid)
[    4.993811] systemd[1]: Detected virtualization oracle.
[    4.995208] systemd[1]: Detected architecture x86-64.

Welcome to [1mUbuntu 18.04.3 LTS[0m!

[    5.013151] systemd[1]: Set hostname to <ubuntu>.
[    5.018908] systemd[1]: Initializing machine ID from random generator.
[    5.020636] systemd[1]: Installed transient /etc/machine-id file.
[    5.337232] systemd[1]: Set up automount Arbitrary Executable File Formats File System Automount Point.
[[0;32m  OK  [0m] Set up automount Arbitrary Executab…rmats File System Automount Point.
[    5.340881] systemd[1]: Reached target System Time Synchronized.
[[0;32m  OK  [0m] Reached target System Time Synchronized.
[    5.354589] systemd[1]: Created slice User and Session Slice.
[[0;32m  OK  [0m] Created slice User and Session Slice.
[    5.368539] systemd[1]: Created slice System Slice.
[[0;32m  OK  [0m] Created slice System Slice.
[[0;32m  OK  [0m] Listening on /dev/initctl Compatibility Named Pipe.
[[0;32m  OK  [0m] Listening on Network Service Netlink Socket.
[[0;32m  OK  [0m] Listening on Journal Audit Socket.
[[0;32m  OK  [0m] Listening on udev Kernel Socket.
[[0;32m  OK  [0m] Listening on Syslog Socket.
[[0;32m  OK  [0m] Started Forward Password Requests to Wall Directory Watch.
[[0;32m  OK  [0m] Reached target User and Group Name Lookups.
[[0;32m  OK  [0m] Listening on LVM2 poll daemon socket.
[[0;32m  OK  [0m] Listening on udev Control Socket.
[[0;32m  OK  [0m] Reached target Slices.
[[0;32m  OK  [0m] Listening on LVM2 metadata daemon socket.
[[0;32m  OK  [0m] Listening on Journal Socket (/dev/log).
[[0;32m  OK  [0m] Listening on Journal Socket.
         Starting Journal Service...
         Mounting Kernel Debug File System...
         Starting Remount Root and Kernel File Systems...
[    5.495062] EXT4-fs (sda1): re-mounted. Opts: (null)
         Starting Load Kernel Modules...
         Starting Create list of required st…ce nodes for the current kernel...
         Starting Set the console keyboard layout...
         Starting udev Coldplug all Devices...
         Mounting Huge Pages File System...
         Starting Uncomplicated firewall...
[    5.549821] Loading iSCSI transport class v2.0-870.
         Mounting POSIX Message Queue File System...
[    5.557605] iscsi: registered transport (tcp)
[[0;32m  OK  [0m] Listening on Device-mapper event daemon FIFOs.
         Starting Monitoring of LVM2 mirrors…ng dmeventd or progress polling...
[[0;32m  OK  [0m] Created slice system-serial\x2dgetty.slice.
[[0;32m  OK  [0m] Reached target Swap.
[[0;32m  OK  [0m] Started Journal Service.
[    5.579277] iscsi: registered transport (iser)
[[0;32m  OK  [0m] Mounted Kernel Debug File System.
[[0;32m  OK  [0m] Started Remount Root and Kernel File Systems.
[[0;32m  OK  [0m] Started Load Kernel Modules.
[[0;32m  OK  [0m] Started Create list of required sta…vice nodes for the current kernel.
[[0;32m  OK  [0m] Mounted Huge Pages File System.
[[0;32m  OK  [0m] Started Uncomplicated firewall.
[[0;32m  OK  [0m] Mounted POSIX Message Queue File System.
[[0;32m  OK  [0m] Started LVM2 metadata daemon.
         Starting Create Static Device Nodes in /dev...
         Starting Apply Kernel Variables...
         Mounting Kernel Configuration File System...
         Mounting FUSE Control File System...
         Starting Load/Save Random Seed...
         Starting Flush Journal to Persistent Storage...
[[0;32m  OK  [0m] Started Monitoring of LVM2 mirrors,…sing dmeventd or progress polling.
[[0;32m  OK  [0m] Started udev Coldplug all Devices.
[[0;32m  OK  [0m] Started Create Static Device Nodes in /dev.
[[0;32m  OK  [0m] Started Apply Kernel Variables.
[[0;32m  OK  [0m] Mounted Kernel Configuration File System.
[[0;32m  OK  [0m] Started Set the console keyboard layout.
[[0;32m  OK  [0m] Mounted FUSE Control File System.
[[0;32m  OK  [0m] Started Load/Save Random Seed.
         Starting udev Kernel Device Manager...
[[0;32m  OK  [0m] Reached target Local File Systems (Pre).
[[0;32m  OK  [0m] Reached target Local File Systems.
         Starting AppArmor initialization...
         Starting Commit a transient machine-id on disk...
         Starting ebtables ruleset management...
         Starting Tell Plymouth To Write Out Runtime Data...
         Starting Set console font and keymap...
[[0;32m  OK  [0m] Started udev Kernel Device Manager.
[[0;32m  OK  [0m] Started Dispatch Password Requests to Console Directory Watch.
[[0;32m  OK  [0m] Reached target Local Encrypted Volumes.
[[0;32m  OK  [0m] Started Tell Plymouth To Write Out Runtime Data.
[[0;32m  OK  [0m] Started Set console font and keymap.
[[0;32m  OK  [0m] Started Commit a transient machine-id on disk.
[[0;32m  OK  [0m] Started Flush Journal to Persistent Storage.
         Starting Create Volatile Files and Directories...
[[0;32m  OK  [0m] Started ebtables ruleset management.
[[0;32m  OK  [0m] Started Create Volatile Files and Directories.
         Starting Update UTMP about System Boot/Shutdown...
[[0;32m  OK  [0m] Started Update UTMP about System Boot/Shutdown.
[[0;32m  OK  [0m] Found device /dev/ttyS0.
[[0;32m  OK  [0m] Listening on Load/Save RF Kill Switch Status /dev/rfkill Watch.
[[0;32m  OK  [0m] Started AppArmor initialization.
         Starting Initial cloud-init job (pre-networking)...
[    9.212787] cloud-init[545]: Cloud-init v. 19.3-41-gc4735dd3-0ubuntu1~18.04.1 running 'init-local' at Mon, 27 Jan 2020 18:11:15 +0000. Up 8.73 seconds.
[[0;32m  OK  [0m] Started Initial cloud-init job (pre-networking).
[[0;32m  OK  [0m] Reached target Network (Pre).
         Starting Network Service...
[[0;32m  OK  [0m] Started Network Service.
         Starting Wait for Network to be Configured...
         Starting Network Name Resolution...
[[0;32m  OK  [0m] Started Network Name Resolution.
[[0;32m  OK  [0m] Reached target Host and Network Name Lookups.
[[0;32m  OK  [0m] Reached target Network.
[[0;32m  OK  [0m] Started Wait for Network to be Configured.
         Starting Initial cloud-init job (metadata service crawler)...
[   11.859890] cloud-init[668]: Cloud-init v. 19.3-41-gc4735dd3-0ubuntu1~18.04.1 running 'init' at Mon, 27 Jan 2020 18:11:18 +0000. Up 11.59 seconds.
[   11.872620] cloud-init[668]: ci-info: ++++++++++++++++++++++++++++++++++++++Net device info++++++++++++++++++++++++++++++++++++++
[   11.884175] cloud-init[668]: ci-info: +--------+------+----------------------------+---------------+--------+-------------------+
[   11.886304] cloud-init[668]: ci-info: | Device |  Up  |          Address           |      Mask     | Scope  |     Hw-Address    |
[   11.888416] cloud-init[668]: ci-info: +--------+------+----------------------------+---------------+--------+-------------------+
[   11.900500] cloud-init[668]: ci-info: | enp0s3 | True |         10.0.2.15          | 255.255.255.0 | global | 02:6f:f9:1e:39:dc |
[   11.903546] cloud-init[668]: ci-info: | enp0s3 | True | fe80::6f:f9ff:fe1e:39dc/64 |       .       |  link  | 02:6f:f9:1e:39:dc |
[   11.906490] cloud-init[668]: ci-info: |   lo   | True |         127.0.0.1          |   255.0.0.0   |  host  |         .         |
[   11.920941] cloud-init[668]: ci-info: |   lo   | True |          ::1/128           |       .       |  host  |         .         |
[   11.923016] cloud-init[668]: ci-info: +--------+------+----------------------------+---------------+--------+-------------------+
[   11.924904] cloud-init[668]: ci-info: ++++++++++++++++++++++++++++Route IPv4 info+++++++++++++++++++++++++++++
[   11.926872] cloud-init[668]: ci-info: +-------+-------------+----------+-----------------+-----------+-------+
[   11.928955] cloud-init[668]: ci-info: | Route | Destination | Gateway  |     Genmask     | Interface | Flags |
[   11.931497] cloud-init[668]: ci-info: +-------+-------------+----------+-----------------+-----------+-------+
[   11.933550] cloud-init[668]: ci-info: |   0   |   0.0.0.0   | 10.0.2.2 |     0.0.0.0     |   enp0s3  |   UG  |
[   11.935769] cloud-init[668]: ci-info: |   1   |   10.0.2.0  | 0.0.0.0  |  255.255.255.0  |   enp0s3  |   U   |
[   11.938049] cloud-init[668]: ci-info: |   2   |   10.0.2.2  | 0.0.0.0  | 255.255.255.255 |   enp0s3  |   UH  |
[   11.939918] cloud-init[668]: ci-info: +-------+-------------+----------+-----------------+-----------+-------+
[   11.941545] cloud-init[668]: ci-info: +++++++++++++++++++Route IPv6 info+++++++++++++++++++
[   11.943144] cloud-init[668]: ci-info: +-------+-------------+---------+-----------+-------+
[   11.945069] cloud-init[668]: ci-info: | Route | Destination | Gateway | Interface | Flags |
[   11.956593] cloud-init[668]: ci-info: +-------+-------------+---------+-----------+-------+
[   11.957949] cloud-init[668]: ci-info: |   1   |  fe80::/64  |    ::   |   enp0s3  |   U   |
[   11.959315] cloud-init[668]: ci-info: |   3   |    local    |    ::   |   enp0s3  |   U   |
[   11.960757] cloud-init[668]: ci-info: |   4   |   ff00::/8  |    ::   |   enp0s3  |   U   |
[   11.961706] cloud-init[668]: ci-info: +-------+-------------+---------+-----------+-------+
[   12.633942] cloud-init[668]: Generating public/private rsa key pair.
[   12.635071] cloud-init[668]: Your identification has been saved in /etc/ssh/ssh_host_rsa_key.
[   12.648798] cloud-init[668]: Your public key has been saved in /etc/ssh/ssh_host_rsa_key.pub.
[   12.650297] cloud-init[668]: The key fingerprint is:
[   12.651062] cloud-init[668]: SHA256:mSzejZSG1hRokNo+XKm4F+EONqhfYfBhSpzo3iU/TsY root@ubuntu-bionic
[   12.664318] cloud-init[668]: The key's randomart image is:
[   12.677514] cloud-init[668]: +---[RSA 2048]----+
[   12.688724] cloud-init[668]: |    .o ..        |
[   12.689623] cloud-init[668]: | o .. o  .       |
[   12.690765] cloud-init[668]: |. =oo. ..        |
[   12.701408] cloud-init[668]: |...=o.o= +       |
[   12.702382] cloud-init[668]: | o.*+=+ S        |
[   12.703379] cloud-init[668]: |o *.%+ = o       |
[   12.704948] cloud-init[668]: |.o *.E. o .      |
[[0;32m  OK  [0m] Started Initial cloud-init job (metadata service crawler).
[   12.709439] [[0;32m  OK  [0m] Reached target Network is Online.
[[0;32m  OK  [0m] Reached target Remote File Systems (Pre).
[[0;32m  OK  [0m] Reached target Remote File Systems.
cloud-init[668]: |. ..* .          |
         Starting Availability of block devices...
[[0;32m  OK  [0m] Reached target System Initialization.
[[0;32m  OK  [0m] Started Message of the Day.
[   12.716968] cloud-init[668]: | ... .           |         Starting Socket activation for snappy daemon.
[[0;32m  OK  [0m] Started Discard unused blocks once a week.

[[0;32m  OK  [0m] Started ACPI Events Check.
[[0;32m  OK  [0m] Listening on ACPID Listen Socket.
[[0;32m  OK  [0m] Listening on Open-iSCSI iscsid Socket.
[[0;32m  OK  [0m] Reached target Paths.
[[0;32m  OK  [0m] Listening on UUID daemon activation socket.
[[0;32m  OK  [0m] Listening on D-Bus System Message Bus Socket.
[[0;32m  OK  [0m] Started Daily Cleanup of Temporary Directories.
[   12.733427] cloud-init         Starting LXD - unix socket.
[[0;32m  OK  [0m] Started Daily apt download activities.
[[0;32m  OK  [0m] Started Daily apt upgrade and clean activities.
[[0;32m  OK  [0m] Reached target Timers.
[[0;32m  OK  [0m] Reached target Cloud-config availability.
[[0;32m  OK  [0m] Started Availability of block devices.
[[0;32m  OK  [0m] Listening on Socket activation for snappy daemon.
[[0;32m  OK  [0m] Listening on LXD - unix socket.
[668]: +----[SHA256]-----+[
[0;32m  OK  [0m] Reached target Sockets.
[[0;32m  OK  [0m] Reached target Basic System.
[   12.745769] cloud-init[668]: Generating public/private dsa key pair.
         Starting Accounts Service...
[   12.773013] cloud-init[668]: Your identification has been saved in /etc/ssh/ssh_host_dsa_key.
         Starting Dispatcher daemon for systemd-networkd...
[   12.789106] cloud-init[668]: Your public key has been saved in /etc/ssh/ssh_host_dsa_key.pub.[[0;32m  OK  [0m] Started D-Bus System Message Bus.

[   12.791590] cloud-init[668]: The key fingerprint is:
[   12.792729] cloud-init[668]: SHA256:lULyTnblVImTO06sCezrPUYHGdFI625PJ5v2YnGXIFw root@ubuntu-bionic
[   12.794644] cloud-init[668]: The key's randomart image is:
[   12.797461] cloud-init[668]: +---[DSA 1024]----+
[   12.802446] cloud-init[668]: |      . ..o+o+.. |
[   12.805861] cloud-init[668]: |       +  o*=E.  |
[   12.809378] cloud-init[668]: |       .= *+oo   |
[   12.812333] cloud-init[668]: |       +o=oo=.   |
[   12.814989] cloud-init[668]: |       .S..*... .|
[   12.817179] cloud-init[[0;32m  OK  [0m] Started FUSE filesystem for LXC.
         Starting LSB: Record successful boot for GRUB...
         Starting LSB: automatic crash report generation...
         Starting Virtualbox guest utils...
[668]: |        ..+ + ...|         Starting Pollinate to seed the pseudo random number generator...

[   12.827272] cloud-init[668]: |         oo.oo.. |
[   12.829123] cloud-init[668]: |        .ooo+=   |
[   12.835138] cloud-init[668]: |       ....++o.  |
[   12.836046] cloud-init[668]: +----[SHA256]-----+
[   12.837374] cloud-init[668]: Generating public/private ecdsa key pair.
[   12.839467] cloud-init[668]: Your identification has been saved in /etc/ssh/ssh_host_ecdsa_key.
[   12.841003] cloud-init[668]: Your public key has been saved in /etc/ssh/ssh_host_ecdsa_key.pub.
[   12.845588] cloud-init[668]: The key fingerprint is:
[   12.846595] cloud-init[668]: SHA256:H5Y9NtR2n3R2YD8QzyT91otIgckOP51dpA/zoHzwN1w root@ubuntu-bionic
[   12.850608] cloud-init[668]: The key's randomart image is:
[[0;32m  OK  [0m] Started irqbalance daemon.
[   12.860876] cloud-init[668]: +---[ECDSA 256]---+
[   12.861720] [[0;32m  OK  [0m] Started Deferred execution scheduler.
cloud-init[668]: |        . o  +*o |
[   12.872195] cloud-init[668]: |       . + . oB= |
[   12.884618] cloud-init[668]: |        + ..==+=E|
[   12.885707] cloud-init[668]: |         +.B+oOo@|
[   12.886725] cloud-init[668]: |        S *o*o.Oo|
[   12.887714] cloud-init[668]: |         o +.+...|
[   12.888976] cloud-init[668]: |          .      |
[   12.890166] cloud-init[668]: |                 |
[   12.892206] cloud-init[668]: |                 |
[   12.893184] cloud-init[668]: +----[SHA256]-----+
[   12.908335] [[0;32m  OK  [0m] Started Regular background program processing daemon.
cloud-init         Starting Permit User Sessions...
[668]: Generating public/private ed25519 key pair.
         Starting Login Service...
         Starting System Logging Service...
         Starting LXD - container startup/shutdown...
[   12.917357] cloud-init[668]: Your identification has been saved in /etc/ssh/ssh_host_ed25519_key.
[   12.924450] cloud-init[668]: Your public key has been saved in /etc/ssh/ssh_host_ed25519_key.pub.
[   12.926583] cloud-init[668]: The key fingerprint is:
[   12.928670] cloud-init[668]: SHA256:a3s6A9MH7/SBWMiZvrcXNIjnt1bmsiNnq5VoaaZrgpQ root@ubuntu-bionic
[   12.936588] cloud-init[668]: The key's randomart image is:
[   12.945921] cloud-init[668]: +--[ED25519 256]--+
[   12.948293] cloud-init[668]: |                 |
[   12.948885] cloud-init[668]: |                 |
         Starting Snappy daemon...
[   12.964779] cloud-init[668]: |       . = .     |
[   12.965347] cloud-init[668]: |        B + o    |
[   12.980427] [[0;32m  OK  [0m] Started Permit User Sessions.
cloud-init[668]: |     . oSB o .   |
[   12.982284] cloud-init[668]: |    E o +.*o+.o  |
[   12.984226] cloud-init[668]: |   . . oo=*ooB   |
[   12.985377] cloud-init[668]: |    . ..=*=.X .  |
[   12.997109] cloud-init[668]: |       o=BoOo=   |
[   13.000328] cloud-init[668]: +----[SHA256]-----+
[[0;32m  OK  [0m] Started System Logging Service.
[[0;32m  OK  [0m] Started Login Service.
[[0;32m  OK  [0m] Started Unattended Upgrades Shutdown.
         Starting Authorization Manager...
         Starting Hold until boot process finishes up...
         Starting Terminate Plymouth Boot Screen...
[[0;32m  OK  [0m] Started Hold until boot process finishes up.
[[0;32m  OK  [0m] Started Terminate Plymouth Boot Screen.
         Starting Set console scheme...
[[0;32m  OK  [0m] Started Serial Getty on ttyS0.
[[0;32m  OK  [0m] Started LSB: automatic crash report generation.
[[0;32m  OK  [0m] Started Set console scheme.
[[0;32m  OK  [0m] Created slice system-getty.slice.
[[0;32m  OK  [0m] Started Getty on tty1.
[[0;32m  OK  [0m] Reached target Login Prompts.
[[0;32m  OK  [0m] Started LXD - container startup/shutdown.
[[0;32m  OK  [0m] Started Dispatcher daemon for systemd-networkd.
[[0;32m  OK  [0m] Started LSB: Record successful boot for GRUB.
[[0;32m  OK  [0m] Started Authorization Manager.
[[0;32m  OK  [0m] Started Accounts Service.
[[0;32m  OK  [0m] Started Virtualbox guest utils.
[[0;32m  OK  [0m] Started Snappy daemon.
         Starting Wait until snapd is fully seeded...
[[0;32m  OK  [0m] Started Pollinate to seed the pseudo random number generator.
         Starting OpenBSD Secure Shell server...
[[0;32m  OK  [0m] Started OpenBSD Secure Shell server.
[[0;32m  OK  [0m] Created slice User Slice of vagrant.
         Starting User Manager for UID 1000...
[[0;32m  OK  [0m] Started Session 1 of user vagrant.
[[0;32m  OK  [0m] Started User Manager for UID 1000.

Ubuntu 18.04.3 LTS ubuntu-bionic ttyS0

ubuntu-bionic login: [   21.032462] cloud-init[1579]: Cloud-init v. 19.3-41-gc4735dd3-0ubuntu1~18.04.1 running 'modules:config' at Mon, 27 Jan 2020 18:11:27 +0000. Up 20.42 seconds.
ci-info: no authorized ssh keys fingerprints found for user ubuntu.
<14>Jan 27 18:11:28 ec2: 
<14>Jan 27 18:11:28 ec2: #############################################################
<14>Jan 27 18:11:28 ec2: -----BEGIN SSH HOST KEY FINGERPRINTS-----
<14>Jan 27 18:11:28 ec2: 1024 SHA256:lULyTnblVImTO06sCezrPUYHGdFI625PJ5v2YnGXIFw root@ubuntu-bionic (DSA)
<14>Jan 27 18:11:28 ec2: 256 SHA256:H5Y9NtR2n3R2YD8QzyT91otIgckOP51dpA/zoHzwN1w root@ubuntu-bionic (ECDSA)
<14>Jan 27 18:11:28 ec2: 256 SHA256:a3s6A9MH7/SBWMiZvrcXNIjnt1bmsiNnq5VoaaZrgpQ root@ubuntu-bionic (ED25519)
<14>Jan 27 18:11:28 ec2: 2048 SHA256:mSzejZSG1hRokNo+XKm4F+EONqhfYfBhSpzo3iU/TsY root@ubuntu-bionic (RSA)
<14>Jan 27 18:11:28 ec2: -----END SSH HOST KEY FINGERPRINTS-----
<14>Jan 27 18:11:28 ec2: #############################################################
-----BEGIN SSH HOST KEY KEYS-----
ecdsa-sha2-nistp256 AAAAE2VjZHNhLXNoYTItbmlzdHAyNTYAAAAIbmlzdHAyNTYAAABBBLAwPZ1cxUEzcaSTYt0vLHkfjCJKWNMw4fHnAuZAWyIyi1KbnGoQFo7thMcNKcl/iWXJQVjZuhaO1ofTxBO/4+k= root@ubuntu-bionic
ssh-ed25519 AAAAC3NzaC1lZDI1NTE5AAAAIFKcCo4bZtRne1xkqJyiOQHUG0hMQCS+LfsNiaSgJ8yR root@ubuntu-bionic
ssh-rsa AAAAB3NzaC1yc2EAAAADAQABAAABAQDND20oAt29V8KDLwBAD9yl1CYkxa4xIM79erRbUN9qqMee1s+G5678UV5SRvz7ZUV5CzKy+mAYkMEV3E3ke0B3oWYk22yVVMhSMBfOELQNqaoWQbcV1RvppftOok0cPIURIucIq/56ojjQfkWgwCE17Vd0dT9h91PFfnLTANldkUTPVt+PuYOpS6D2AxiRjUMQDJsifa6MLwFBpEpwCJlDLbHagnRjl+32dQIPyjEl/BuoTJJfsKzbRZVAXeLeVbf5UCzNMKsP+dxz+y0LGcVgbFwTv0XcTWMkaxNSWHFEuzQ4QPj5GMIefQrL9UfY4KrWNEOLq3krWrSioasOQpnx root@ubuntu-bionic
-----END SSH HOST KEY KEYS-----
[   21.857420] cloud-init[1698]: Cloud-init v. 19.3-41-gc4735dd3-0ubuntu1~18.04.1 running 'modules:final' at Mon, 27 Jan 2020 18:11:28 +0000. Up 21.65 seconds.
[   21.857509] cloud-init[1698]: ci-info: no authorized ssh keys fingerprints found for user ubuntu.
[   21.858108] cloud-init[1698]: Cloud-init v. 19.3-41-gc4735dd3-0ubuntu1~18.04.1 finished at Mon, 27 Jan 2020 18:11:28 +0000. Datasource DataSourceNoCloud [seed=/dev/sdb][dsmode=net].  Up 21.84 seconds
